[2020-12-21 21:43:46] local.ERROR: SQLSTATE[HY000] [1045] Access denied for user 'root'@'localhost' (using password: NO) {"exception":"[object] (PDOException(code: 1045): SQLSTATE[HY000] [1045] Access denied for user 'root'@'localhost' (using password: NO) at /var/www/virtual/nesdekk.is/hotel/htdocs/project/vendor/laravel/framework/src/Illuminate/Database/Connectors/Connector.php:67)
[stacktrace]
#0 /var/www/virtual/nesdekk.is/hotel/htdocs/project/vendor/laravel/framework/src/Illuminate/Database/Connectors/Connector.php(67): PDO->__construct()
#1 /var/www/virtual/nesdekk.is/hotel/htdocs/project/vendor/laravel/framework/src/Illuminate/Database/Connectors/Connector.php(43): Illuminate\\Database\\Connectors\\Connector->createPdoConnection()
#2 /var/www/virtual/nesdekk.is/hotel/htdocs/project/vendor/laravel/framework/src/Illuminate/Database/Connectors/MySqlConnector.php(24): Illuminate\\Database\\Connectors\\Connector->createConnection()
#3 /var/www/virtual/nesdekk.is/hotel/htdocs/project/vendor/laravel/framework/src/Illuminate/Database/Connectors/ConnectionFactory.php(183): Illuminate\\Database\\Connectors\\MySqlConnector->connect()
#4 [internal function]: Illuminate\\Database\\Connectors\\ConnectionFactory->Illuminate\\Database\\Connectors\\{closure}()
#5 /var/www/virtual/nesdekk.is/hotel/htdocs/project/vendor/laravel/framework/src/Illuminate/Database/Connection.php(915): call_user_func()
#6 /var/www/virtual/nesdekk.is/hotel/htdocs/project/vendor/laravel/framework/src/Illuminate/Database/Connection.php(940): Illuminate\\Database\\Connection->getPdo()
#7 /var/www/virtual/nesdekk.is/hotel/htdocs/project/vendor/laravel/framework/src/Illuminate/Database/Connection.php(399): Illuminate\\Database\\Connection->getReadPdo()
#8 /var/www/virtual/nesdekk.is/hotel/htdocs/project/vendor/laravel/framework/src/Illuminate/Database/Connection.php(325): Illuminate\\Database\\Connection->getPdoForSelect()
#9 /var/www/virtual/nesdekk.is/hotel/htdocs/project/vendor/laravel/framework/src/Illuminate/Database/Connection.php(657): Illuminate\\Database\\Connection->Illuminate\\Database\\{closure}()
#10 /var/www/virtual/nesdekk.is/hotel/htdocs/project/vendor/laravel/framework/src/Illuminate/Database/Connection.php(624): Illuminate\\Database\\Connection->runQueryCallback()
#11 /var/www/virtual/nesdekk.is/hotel/htdocs/project/vendor/laravel/framework/src/Illuminate/Database/Connection.php(333): Illuminate\\Database\\Connection->run()
#12 /var/www/virtual/nesdekk.is/hotel/htdocs/project/vendor/laravel/framework/src/Illuminate/Database/Query/Builder.php(1719): Illuminate\\Database\\Connection->select()
#13 /var/www/virtual/nesdekk.is/hotel/htdocs/project/vendor/laravel/framework/src/Illuminate/Database/Query/Builder.php(1704): Illuminate\\Database\\Query\\Builder->runSelect()
#14 /var/www/virtual/nesdekk.is/hotel/htdocs/project/vendor/laravel/framework/src/Illuminate/Database/Concerns/BuildsQueries.php(77): Illuminate\\Database\\Query\\Builder->get()
#15 /var/www/virtual/nesdekk.is/hotel/htdocs/project/app/Providers/AppServiceProvider.php(26): Illuminate\\Database\\Query\\Builder->first()
#16 [internal function]: App\\Providers\\AppServiceProvider->boot()
#17 /var/www/virtual/nesdekk.is/hotel/htdocs/project/vendor/laravel/framework/src/Illuminate/Container/BoundMethod.php(29): call_user_func_array()
#18 /var/www/virtual/nesdekk.is/hotel/htdocs/project/vendor/laravel/framework/src/Illuminate/Container/BoundMethod.php(87): Illuminate\\Container\\BoundMethod::Illuminate\\Container\\{closure}()
#19 /var/www/virtual/nesdekk.is/hotel/htdocs/project/vendor/laravel/framework/src/Illuminate/Container/BoundMethod.php(31): Illuminate\\Container\\BoundMethod::callBoundMethod()
#20 /var/www/virtual/nesdekk.is/hotel/htdocs/project/vendor/laravel/framework/src/Illuminate/Container/Container.php(549): Illuminate\\Container\\BoundMethod::call()
#21 /var/www/virtual/nesdekk.is/hotel/htdocs/project/vendor/laravel/framework/src/Illuminate/Foundation/Application.php(792): Illuminate\\Container\\Container->call()
#22 /var/www/virtual/nesdekk.is/hotel/htdocs/project/vendor/laravel/framework/src/Illuminate/Foundation/Application.php(775): Illuminate\\Foundation\\Application->bootProvider()
#23 [internal function]: Illuminate\\Foundation\\Application->Illuminate\\Foundation\\{closure}()
#24 /var/www/virtual/nesdekk.is/hotel/htdocs/project/vendor/laravel/framework/src/Illuminate/Foundation/Application.php(776): array_walk()
#25 /var/www/virtual/nesdekk.is/hotel/htdocs/project/vendor/laravel/framework/src/Illuminate/Foundation/Bootstrap/BootProviders.php(17): Illuminate\\Foundation\\Application->boot()
#26 /var/www/virtual/nesdekk.is/hotel/htdocs/project/vendor/laravel/framework/src/Illuminate/Foundation/Application.php(213): Illuminate\\Foundation\\Bootstrap\\BootProviders->bootstrap()
#27 /var/www/virtual/nesdekk.is/hotel/htdocs/project/vendor/laravel/framework/src/Illuminate/Foundation/Http/Kernel.php(162): Illuminate\\Foundation\\Application->bootstrapWith()
#28 /var/www/virtual/nesdekk.is/hotel/htdocs/project/vendor/laravel/framework/src/Illuminate/Foundation/Http/Kernel.php(146): Illuminate\\Foundation\\Http\\Kernel->bootstrap()
#29 /var/www/virtual/nesdekk.is/hotel/htdocs/project/vendor/laravel/framework/src/Illuminate/Foundation/Http/Kernel.php(116): Illuminate\\Foundation\\Http\\Kernel->sendRequestThroughRouter()
#30 /var/www/virtual/nesdekk.is/hotel/htdocs/index.php(57): Illuminate\\Foundation\\Http\\Kernel->handle()
#31 {main}
"} 
[2020-12-21 21:43:46] local.ERROR: SQLSTATE[HY000] [1045] Access denied for user 'root'@'localhost' (using password: NO) (SQL: select * from `admin_languages` where `is_default` = 1 limit 1) {"exception":"[object] (Illuminate\\Database\\QueryException(code: 1045): SQLSTATE[HY000] [1045] Access denied for user 'root'@'localhost' (using password: NO) (SQL: select * from `admin_languages` where `is_default` = 1 limit 1) at /var/www/virtual/nesdekk.is/hotel/htdocs/project/vendor/laravel/framework/src/Illuminate/Database/Connection.php:664, PDOException(code: 1045): SQLSTATE[HY000] [1045] Access denied for user 'root'@'localhost' (using password: NO) at /var/www/virtual/nesdekk.is/hotel/htdocs/project/vendor/laravel/framework/src/Illuminate/Database/Connectors/Connector.php:67)
[stacktrace]
#0 /var/www/virtual/nesdekk.is/hotel/htdocs/project/vendor/laravel/framework/src/Illuminate/Database/Connection.php(624): Illuminate\\Database\\Connection->runQueryCallback()
#1 /var/www/virtual/nesdekk.is/hotel/htdocs/project/vendor/laravel/framework/src/Illuminate/Database/Connection.php(333): Illuminate\\Database\\Connection->run()
#2 /var/www/virtual/nesdekk.is/hotel/htdocs/project/vendor/laravel/framework/src/Illuminate/Database/Query/Builder.php(1719): Illuminate\\Database\\Connection->select()
#3 /var/www/virtual/nesdekk.is/hotel/htdocs/project/vendor/laravel/framework/src/Illuminate/Database/Query/Builder.php(1704): Illuminate\\Database\\Query\\Builder->runSelect()
#4 /var/www/virtual/nesdekk.is/hotel/htdocs/project/vendor/laravel/framework/src/Illuminate/Database/Concerns/BuildsQueries.php(77): Illuminate\\Database\\Query\\Builder->get()
#5 /var/www/virtual/nesdekk.is/hotel/htdocs/project/app/Providers/AppServiceProvider.php(26): Illuminate\\Database\\Query\\Builder->first()
#6 [internal function]: App\\Providers\\AppServiceProvider->boot()
#7 /var/www/virtual/nesdekk.is/hotel/htdocs/project/vendor/laravel/framework/src/Illuminate/Container/BoundMethod.php(29): call_user_func_array()
#8 /var/www/virtual/nesdekk.is/hotel/htdocs/project/vendor/laravel/framework/src/Illuminate/Container/BoundMethod.php(87): Illuminate\\Container\\BoundMethod::Illuminate\\Container\\{closure}()
#9 /var/www/virtual/nesdekk.is/hotel/htdocs/project/vendor/laravel/framework/src/Illuminate/Container/BoundMethod.php(31): Illuminate\\Container\\BoundMethod::callBoundMethod()
#10 /var/www/virtual/nesdekk.is/hotel/htdocs/project/vendor/laravel/framework/src/Illuminate/Container/Container.php(549): Illuminate\\Container\\BoundMethod::call()
#11 /var/www/virtual/nesdekk.is/hotel/htdocs/project/vendor/laravel/framework/src/Illuminate/Foundation/Application.php(792): Illuminate\\Container\\Container->call()
#12 /var/www/virtual/nesdekk.is/hotel/htdocs/project/vendor/laravel/framework/src/Illuminate/Foundation/Application.php(775): Illuminate\\Foundation\\Application->bootProvider()
#13 [internal function]: Illuminate\\Foundation\\Application->Illuminate\\Foundation\\{closure}()
#14 /var/www/virtual/nesdekk.is/hotel/htdocs/project/vendor/laravel/framework/src/Illuminate/Foundation/Application.php(776): array_walk()
#15 /var/www/virtual/nesdekk.is/hotel/htdocs/project/vendor/laravel/framework/src/Illuminate/Foundation/Bootstrap/BootProviders.php(17): Illuminate\\Foundation\\Application->boot()
#16 /var/www/virtual/nesdekk.is/hotel/htdocs/project/vendor/laravel/framework/src/Illuminate/Foundation/Application.php(213): Illuminate\\Foundation\\Bootstrap\\BootProviders->bootstrap()
#17 /var/www/virtual/nesdekk.is/hotel/htdocs/project/vendor/laravel/framework/src/Illuminate/Foundation/Http/Kernel.php(162): Illuminate\\Foundation\\Application->bootstrapWith()
#18 /var/www/virtual/nesdekk.is/hotel/htdocs/project/vendor/laravel/framework/src/Illuminate/Foundation/Http/Kernel.php(146): Illuminate\\Foundation\\Http\\Kernel->bootstrap()
#19 /var/www/virtual/nesdekk.is/hotel/htdocs/project/vendor/laravel/framework/src/Illuminate/Foundation/Http/Kernel.php(116): Illuminate\\Foundation\\Http\\Kernel->sendRequestThroughRouter()
#20 /var/www/virtual/nesdekk.is/hotel/htdocs/index.php(57): Illuminate\\Foundation\\Http\\Kernel->handle()
#21 {main}
"} 
